2025-07-10 03:43:43,571 - semgrep.run_scan - DEBUG - semgrep version 1.4.0
2025-07-10 03:43:43,585 - semgrep.git - DEBUG - Failed to get project url from 'git ls-remote': Command failed with exit code: 128
-----
Command failed with output:
fatal: No remote configured to list refs from.


Failed to run 'git ls-remote --get-url'. Possible reasons:

- the git binary is not available
- the current working directory is not a git repository
- the baseline commit is not a parent of the current commit
    (if you are running through semgrep-app, check if you are setting `SEMGREP_BRANCH` or `SEMGREP_BASELINE_COMMIT` properly)
- the current working directory is not marked as safe
    (fix with `git config --global --add safe.directory $(pwd)`)

Try running the command yourself to debug the issue.
2025-07-10 03:43:43,586 - semgrep.config_resolver - DEBUG - Loading local config from /home/runner/workspace/.config/.semgrep/semgrep_rules.json
2025-07-10 03:43:43,601 - semgrep.config_resolver - DEBUG - Done loading local config from /home/runner/workspace/.config/.semgrep/semgrep_rules.json
2025-07-10 03:43:43,606 - semgrep.config_resolver - DEBUG - Saving rules to /tmp/semgrep-77ynpan8.rules
2025-07-10 03:43:45,049 - semgrep.rule_lang - DEBUG - semgrep-core validation response: valid=True
2025-07-10 03:43:45,049 - semgrep.rule_lang - DEBUG - semgrep-core validation succeeded
2025-07-10 03:43:45,049 - semgrep.rule_lang - DEBUG - RPC validation succeeded
2025-07-10 03:43:45,050 - semgrep.config_resolver - DEBUG - loaded 1 configs in 1.4641470909118652
2025-07-10 03:43:45,227 - semgrep.run_scan - VERBOSE - running 715 rules from 1 config /home/runner/workspace/.config/.semgrep/semgrep_rules.json_0
2025-07-10 03:43:45,227 - semgrep.run_scan - VERBOSE - No .semgrepignore found. Using default .semgrepignore rules. See the docs for the list of default ignores: https://semgrep.dev/docs/cli-usage/#ignore-files
2025-07-10 03:43:45,231 - semgrep.run_scan - VERBOSE - Rules:
2025-07-10 03:43:45,231 - semgrep.run_scan - VERBOSE - <SKIPPED DATA (too many entries; use --max-log-list-entries)>
2025-07-10 03:43:52,551 - semgrep.core_runner - DEBUG - Passing whole rules directly to semgrep_core
2025-07-10 03:43:54,189 - semgrep.core_runner - DEBUG - Running Semgrep engine with command:
2025-07-10 03:43:54,189 - semgrep.core_runner - DEBUG - /tmp/_MEIqQv0sf/semgrep/bin/opengrep-core -json -rules /tmp/tmpx7ylkhfz.json -j 8 -targets /tmp/tmpy1qtmczw -timeout 5 -timeout_threshold 3 -max_memory 0 -fast
